Arguments: 
  /usr/local/bin/node /usr/share/yarn/bin/yarn.js

PATH: 
  /usr/local/sbin:/usr/local/bin:/usr/sbin:/usr/bin:/sbin:/bin:/usr/games:/usr/local/games:/mnt/c/Windows/System32:/mnt/c/Windows:/mnt/c/Windows/System32/wbem:/mnt/c/Windows/System32/WindowsPowerShell/v1.0:/mnt/c/Program Files (x86)/NVIDIA Corporation/PhysX/Common:/mnt/c/Program Files (x86)/Yarn/bin:/mnt/c/Program Files/nodejs:/mnt/c/Program Files/wget:/mnt/c/Users/Анатолий/AppData/Local/Microsoft/WindowsApps:/mnt/f/DevSoft/Microsoft VS Code/bin:/mnt/f/DevSoft/Git/cmd:/mnt/c/Users/Анатолий/AppData/Local/GitHubDesktop/bin:/mnt/c/Users/Анатолий/AppData/Local/Yarn/bin:/mnt/c/Users/Анатолий/AppData/Roaming/npm:/snap/bin

Yarn version: 
  1.10.1

Node version: 
  10.10.0

Platform: 
  linux x64

Trace: 
  SyntaxError: /mnt/f/Projects/Vue/find_a_pair/package.json: Unexpected token } in JSON at position 355
      at JSON.parse (<anonymous>)
      at /usr/share/yarn/lib/cli.js:1136:59
      at Generator.next (<anonymous>)
      at step (/usr/share/yarn/lib/cli.js:98:30)
      at /usr/share/yarn/lib/cli.js:109:13

npm manifest: 
  {
    "name": "find_a_pair",
    "version": "1.0.0",
    "description": "Nuxt.js + Vuetify.js project",
    "author": "Anatoly <tolikrut@gmail.com>",
    "private": true,
    "scripts": {
      "dev": "nuxt",
      "build": "nuxt build",
      "start": "nuxt start",
      "generate": "nuxt generate"
    },
    "dependencies": {
      "nuxt": "^2.2.0",
      "vuetify": "^1.3.3",
    },
    "devDependencies": {
      "babel-eslint": "^10.0.1",
      "eslint": "^5.7.0",
      "eslint-config-standard": "^12.0.0",
      "eslint-loader": "^2.1.1",
      "eslint-plugin-html": "^4.0.6",
      "eslint-plugin-import": "^2.14.0",
      "eslint-plugin-node": "^7.0.1",
      "eslint-plugin-promise": "^4.0.1",
      "eslint-plugin-standard": "^4.0.0",
      "stylus": "^0.54.5",
      "stylus-loader": "^3.0.2"
    }
  }

yarn manifest: 
  No manifest

Lockfile: 
  No lockfile
